2022-06-13T18:48:29.263+0800	INFO	naming_http/push_receiver.go:86	udp server start, port: 55304
2022-06-13T18:48:29.264+0800	INFO	rpc/rpc_client.go:276	8a2a9405-7096-4903-b48f-e170d0c335c1 register server push request:ConnectResetRequest handler%!(EXTRA *rpc.ConnectResetRequestHandler=&{})
2022-06-13T18:48:29.264+0800	INFO	rpc/rpc_client.go:276	8a2a9405-7096-4903-b48f-e170d0c335c1 register server push request:ClientDetectionRequest handler%!(EXTRA *rpc.ClientDetectionRequestHandler=&{})
2022-06-13T18:48:29.264+0800	INFO	rpc/rpc_client.go:214	[RpcClient.Start] 8a2a9405-7096-4903-b48f-e170d0c335c1 try to connect to server on start up, server: {serverIp:mse-7b574dc2-nacos-ans.mse.aliyuncs.com serverPort:8848}
2022-06-13T18:48:29.265+0800	INFO	util/common.go:96	Local IP:192.168.30.15
2022-06-13T18:48:29.439+0800	INFO	rpc/rpc_client.go:224	8a2a9405-7096-4903-b48f-e170d0c335c1 success to connect to server {serverIp:mse-7b574dc2-nacos-ans.mse.aliyuncs.com serverPort:8848} on start up, connectionId=1655117309342_100.123.128.19_31535
2022-06-13T18:48:29.439+0800	INFO	rpc/rpc_client.go:276	8a2a9405-7096-4903-b48f-e170d0c335c1 register server push request:NotifySubscriberRequest handler%!(EXTRA *rpc.NamingPushRequestHandler=&{0xc0005f4a20})
2022-06-13T18:48:29.440+0800	INFO	rpc/rpc_client.go:284	8a2a9405-7096-4903-b48f-e170d0c335c1 register connection listener [*naming_grpc.ConnectionEventListener] to current client
2022-06-13T18:48:29.441+0800	INFO	naming_grpc/naming_grpc_proxy.go:94	instance namespaceId:<public>,serviceName:<UserRpc> with instance:<{"instanceId":"","ip":"127.0.0.1","port":18090,"weight":0,"healthy":true,"enabled":true,"ephemeral":true,"clusterName":"ripple_user","serviceName":"","metadata":{"network":"tcp"},"instanceHeartBeatInterval":0,"ipDeleteTimeout":0,"instanceHeartBeatTimeOut":0}>
2022-06-13T18:48:55.650+0800	INFO	naming_http/push_receiver.go:86	udp server start, port: 55807
2022-06-13T18:48:55.651+0800	INFO	rpc/rpc_client.go:276	5918a404-0963-4922-a4d7-5c20e43201e6 register server push request:ConnectResetRequest handler%!(EXTRA *rpc.ConnectResetRequestHandler=&{})
2022-06-13T18:48:55.651+0800	INFO	rpc/rpc_client.go:276	5918a404-0963-4922-a4d7-5c20e43201e6 register server push request:ClientDetectionRequest handler%!(EXTRA *rpc.ClientDetectionRequestHandler=&{})
2022-06-13T18:48:55.651+0800	INFO	rpc/rpc_client.go:214	[RpcClient.Start] 5918a404-0963-4922-a4d7-5c20e43201e6 try to connect to server on start up, server: {serverIp:mse-7b574dc2-nacos-ans.mse.aliyuncs.com serverPort:8848}
2022-06-13T18:48:55.652+0800	INFO	util/common.go:96	Local IP:192.168.30.15
2022-06-13T18:48:55.805+0800	INFO	rpc/rpc_client.go:224	5918a404-0963-4922-a4d7-5c20e43201e6 success to connect to server {serverIp:mse-7b574dc2-nacos-ans.mse.aliyuncs.com serverPort:8848} on start up, connectionId=1655117335713_100.123.127.123_59047
2022-06-13T18:48:55.806+0800	INFO	rpc/rpc_client.go:276	5918a404-0963-4922-a4d7-5c20e43201e6 register server push request:NotifySubscriberRequest handler%!(EXTRA *rpc.NamingPushRequestHandler=&{0xc00003c120})
2022-06-13T18:48:55.806+0800	INFO	rpc/rpc_client.go:284	5918a404-0963-4922-a4d7-5c20e43201e6 register connection listener [*naming_grpc.ConnectionEventListener] to current client
2022-06-13T18:48:55.808+0800	INFO	naming_grpc/naming_grpc_proxy.go:94	instance namespaceId:<public>,serviceName:<UserRpc> with instance:<{"instanceId":"","ip":"127.0.0.1","port":18090,"weight":0,"healthy":true,"enabled":true,"ephemeral":true,"clusterName":"ripple_user","serviceName":"","metadata":{"network":"tcp"},"instanceHeartBeatInterval":0,"ipDeleteTimeout":0,"instanceHeartBeatTimeOut":0}>
2022-06-13T18:51:14.882+0800	INFO	naming_http/push_receiver.go:86	udp server start, port: 55021
2022-06-13T18:51:14.883+0800	INFO	rpc/rpc_client.go:276	30e572b7-d760-4524-a9dd-53a15cf43092 register server push request:ConnectResetRequest handler%!(EXTRA *rpc.ConnectResetRequestHandler=&{})
2022-06-13T18:51:14.883+0800	INFO	rpc/rpc_client.go:276	30e572b7-d760-4524-a9dd-53a15cf43092 register server push request:ClientDetectionRequest handler%!(EXTRA *rpc.ClientDetectionRequestHandler=&{})
2022-06-13T18:51:14.883+0800	INFO	rpc/rpc_client.go:214	[RpcClient.Start] 30e572b7-d760-4524-a9dd-53a15cf43092 try to connect to server on start up, server: {serverIp:mse-7b574dc2-nacos-ans.mse.aliyuncs.com serverPort:8848}
2022-06-13T18:51:15.054+0800	INFO	rpc/rpc_client.go:224	30e572b7-d760-4524-a9dd-53a15cf43092 success to connect to server {serverIp:mse-7b574dc2-nacos-ans.mse.aliyuncs.com serverPort:8848} on start up, connectionId=1655117474957_100.123.127.149_62838
2022-06-13T18:51:15.054+0800	INFO	rpc/rpc_client.go:276	30e572b7-d760-4524-a9dd-53a15cf43092 register server push request:NotifySubscriberRequest handler%!(EXTRA *rpc.NamingPushRequestHandler=&{0xc000136a80})
2022-06-13T18:51:15.054+0800	INFO	rpc/rpc_client.go:284	30e572b7-d760-4524-a9dd-53a15cf43092 register connection listener [*naming_grpc.ConnectionEventListener] to current client
2022-06-13T18:51:15.072+0800	INFO	naming_cache/service_info_holder.go:93	service not found in cache,cachekey:DEFAULT_GROUP@@UserRpc@@orderserver
2022-06-13T18:51:15.075+0800	INFO	naming_cache/subscribe_callback.go:45	adding DEFAULT_GROUP@@UserRpc with orderserver to listener map
2022-06-13T18:51:15.078+0800	WARN	naming_cache/service_info_holder.go:85	out of date data received, old-t: 1655117475097, new-t: 1655117475097
2022-06-13T18:51:15.630+0800	INFO	naming_cache/service_info_holder.go:93	service not found in cache,cachekey:DEFAULT_GROUP@@UserRpc
2022-06-13T18:51:16.380+0800	INFO	naming_http/push_receiver.go:86	udp server start, port: 55172
2022-06-13T18:51:16.380+0800	INFO	rpc/rpc_client.go:276	01930b90-21f6-4369-bea8-4a68b258c810 register server push request:ConnectResetRequest handler%!(EXTRA *rpc.ConnectResetRequestHandler=&{})
2022-06-13T18:51:16.380+0800	INFO	rpc/rpc_client.go:276	01930b90-21f6-4369-bea8-4a68b258c810 register server push request:ClientDetectionRequest handler%!(EXTRA *rpc.ClientDetectionRequestHandler=&{})
2022-06-13T18:51:16.380+0800	INFO	rpc/rpc_client.go:214	[RpcClient.Start] 01930b90-21f6-4369-bea8-4a68b258c810 try to connect to server on start up, server: {serverIp:mse-7b574dc2-nacos-ans.mse.aliyuncs.com serverPort:8848}
2022-06-13T18:51:16.537+0800	INFO	rpc/rpc_client.go:224	01930b90-21f6-4369-bea8-4a68b258c810 success to connect to server {serverIp:mse-7b574dc2-nacos-ans.mse.aliyuncs.com serverPort:8848} on start up, connectionId=1655117476441_100.123.127.253_24059
2022-06-13T18:51:16.537+0800	INFO	rpc/rpc_client.go:276	01930b90-21f6-4369-bea8-4a68b258c810 register server push request:NotifySubscriberRequest handler%!(EXTRA *rpc.NamingPushRequestHandler=&{0xc000618840})
2022-06-13T18:51:16.537+0800	INFO	rpc/rpc_client.go:284	01930b90-21f6-4369-bea8-4a68b258c810 register connection listener [*naming_grpc.ConnectionEventListener] to current client
2022-06-13T18:51:16.554+0800	INFO	naming_cache/service_info_holder.go:93	service not found in cache,cachekey:DEFAULT_GROUP@@UserRpc@@orderserver
2022-06-13T18:51:16.557+0800	INFO	naming_cache/subscribe_callback.go:45	adding DEFAULT_GROUP@@UserRpc with orderserver to listener map
2022-06-13T18:51:16.558+0800	WARN	naming_cache/service_info_holder.go:85	out of date data received, old-t: 1655117476580, new-t: 1655117476580
2022-06-13T18:51:17.084+0800	INFO	naming_http/push_receiver.go:86	udp server start, port: 55245
2022-06-13T18:51:17.084+0800	INFO	rpc/rpc_client.go:276	86645203-bd3e-49bd-8a4e-544d5a5fde3e register server push request:ConnectResetRequest handler%!(EXTRA *rpc.ConnectResetRequestHandler=&{})
2022-06-13T18:51:17.084+0800	INFO	rpc/rpc_client.go:276	86645203-bd3e-49bd-8a4e-544d5a5fde3e register server push request:ClientDetectionRequest handler%!(EXTRA *rpc.ClientDetectionRequestHandler=&{})
2022-06-13T18:51:17.084+0800	INFO	rpc/rpc_client.go:214	[RpcClient.Start] 86645203-bd3e-49bd-8a4e-544d5a5fde3e try to connect to server on start up, server: {serverIp:mse-7b574dc2-nacos-ans.mse.aliyuncs.com serverPort:8848}
2022-06-13T18:51:17.249+0800	INFO	naming_cache/service_info_holder.go:93	service not found in cache,cachekey:DEFAULT_GROUP@@UserRpc
2022-06-13T18:51:17.456+0800	INFO	naming_http/push_receiver.go:86	udp server start, port: 54993
2022-06-13T18:51:17.456+0800	INFO	rpc/rpc_client.go:276	2f35b5e3-f91a-4fb5-9131-e4f297face0c register server push request:ConnectResetRequest handler%!(EXTRA *rpc.ConnectResetRequestHandler=&{})
2022-06-13T18:51:17.456+0800	INFO	rpc/rpc_client.go:276	2f35b5e3-f91a-4fb5-9131-e4f297face0c register server push request:ClientDetectionRequest handler%!(EXTRA *rpc.ClientDetectionRequestHandler=&{})
2022-06-13T18:51:17.456+0800	INFO	rpc/rpc_client.go:214	[RpcClient.Start] 2f35b5e3-f91a-4fb5-9131-e4f297face0c try to connect to server on start up, server: {serverIp:mse-7b574dc2-nacos-ans.mse.aliyuncs.com serverPort:8848}
2022-06-13T18:51:17.614+0800	INFO	rpc/rpc_client.go:224	2f35b5e3-f91a-4fb5-9131-e4f297face0c success to connect to server {serverIp:mse-7b574dc2-nacos-ans.mse.aliyuncs.com serverPort:8848} on start up, connectionId=1655117477517_100.123.127.123_61597
2022-06-13T18:51:17.614+0800	INFO	rpc/rpc_client.go:276	2f35b5e3-f91a-4fb5-9131-e4f297face0c register server push request:NotifySubscriberRequest handler%!(EXTRA *rpc.NamingPushRequestHandler=&{0xc0000137a0})
2022-06-13T18:51:17.614+0800	INFO	rpc/rpc_client.go:284	2f35b5e3-f91a-4fb5-9131-e4f297face0c register connection listener [*naming_grpc.ConnectionEventListener] to current client
2022-06-13T18:51:17.631+0800	INFO	naming_cache/service_info_holder.go:93	service not found in cache,cachekey:DEFAULT_GROUP@@UserRpc@@orderserver
2022-06-13T18:51:17.633+0800	INFO	naming_cache/subscribe_callback.go:45	adding DEFAULT_GROUP@@UserRpc with orderserver to listener map
2022-06-13T18:51:17.633+0800	WARN	naming_cache/service_info_holder.go:85	out of date data received, old-t: 1655117477657, new-t: 1655117477657
2022-06-13T18:51:18.224+0800	INFO	naming_cache/service_info_holder.go:93	service not found in cache,cachekey:DEFAULT_GROUP@@UserRpc
2022-06-13T18:51:18.254+0800	INFO	rpc/rpc_client.go:224	86645203-bd3e-49bd-8a4e-544d5a5fde3e success to connect to server {serverIp:mse-7b574dc2-nacos-ans.mse.aliyuncs.com serverPort:8848} on start up, connectionId=1655117478160_100.123.127.71_60267
2022-06-13T18:51:18.254+0800	INFO	rpc/rpc_client.go:276	86645203-bd3e-49bd-8a4e-544d5a5fde3e register server push request:NotifySubscriberRequest handler%!(EXTRA *rpc.NamingPushRequestHandler=&{0xc000619320})
2022-06-13T18:51:18.254+0800	INFO	rpc/rpc_client.go:284	86645203-bd3e-49bd-8a4e-544d5a5fde3e register connection listener [*naming_grpc.ConnectionEventListener] to current client
2022-06-13T18:51:18.269+0800	INFO	naming_cache/service_info_holder.go:93	service not found in cache,cachekey:DEFAULT_GROUP@@UserRpc@@orderserver
2022-06-13T18:51:18.270+0800	INFO	naming_cache/subscribe_callback.go:45	adding DEFAULT_GROUP@@UserRpc with orderserver to listener map
2022-06-13T18:51:18.270+0800	WARN	naming_cache/service_info_holder.go:85	out of date data received, old-t: 1655117478297, new-t: 1655117478297
2022-06-13T18:51:18.824+0800	INFO	naming_cache/service_info_holder.go:93	service not found in cache,cachekey:DEFAULT_GROUP@@UserRpc
2022-06-13T18:52:42.823+0800	INFO	naming_http/push_receiver.go:86	udp server start, port: 55055
2022-06-13T18:52:42.823+0800	INFO	rpc/rpc_client.go:276	8e397b1e-6519-4af8-8b35-aca8e663ed32 register server push request:ConnectResetRequest handler%!(EXTRA *rpc.ConnectResetRequestHandler=&{})
2022-06-13T18:52:42.823+0800	INFO	rpc/rpc_client.go:276	8e397b1e-6519-4af8-8b35-aca8e663ed32 register server push request:ClientDetectionRequest handler%!(EXTRA *rpc.ClientDetectionRequestHandler=&{})
2022-06-13T18:52:42.823+0800	INFO	rpc/rpc_client.go:214	[RpcClient.Start] 8e397b1e-6519-4af8-8b35-aca8e663ed32 try to connect to server on start up, server: {serverIp:mse-7b574dc2-nacos-ans.mse.aliyuncs.com serverPort:8848}
2022-06-13T18:52:42.824+0800	INFO	util/common.go:96	Local IP:192.168.30.15
2022-06-13T18:52:42.990+0800	INFO	rpc/rpc_client.go:224	8e397b1e-6519-4af8-8b35-aca8e663ed32 success to connect to server {serverIp:mse-7b574dc2-nacos-ans.mse.aliyuncs.com serverPort:8848} on start up, connectionId=1655117562904_100.123.127.227_39596
2022-06-13T18:52:42.991+0800	INFO	rpc/rpc_client.go:276	8e397b1e-6519-4af8-8b35-aca8e663ed32 register server push request:NotifySubscriberRequest handler%!(EXTRA *rpc.NamingPushRequestHandler=&{0xc000128a20})
2022-06-13T18:52:42.991+0800	INFO	rpc/rpc_client.go:284	8e397b1e-6519-4af8-8b35-aca8e663ed32 register connection listener [*naming_grpc.ConnectionEventListener] to current client
2022-06-13T18:52:42.992+0800	INFO	naming_grpc/naming_grpc_proxy.go:94	instance namespaceId:<public>,serviceName:<UserRpc> with instance:<{"instanceId":"","ip":"127.0.0.1","port":18090,"weight":0,"healthy":true,"enabled":true,"ephemeral":true,"clusterName":"orderserver","serviceName":"","metadata":{"network":"tcp"},"instanceHeartBeatInterval":0,"ipDeleteTimeout":0,"instanceHeartBeatTimeOut":0}>
2022-06-13T18:52:53.089+0800	INFO	naming_http/push_receiver.go:86	udp server start, port: 55027
2022-06-13T18:52:53.089+0800	INFO	rpc/rpc_client.go:276	535450d8-0bdf-4722-b4bf-c897470de7e5 register server push request:ConnectResetRequest handler%!(EXTRA *rpc.ConnectResetRequestHandler=&{})
2022-06-13T18:52:53.089+0800	INFO	rpc/rpc_client.go:276	535450d8-0bdf-4722-b4bf-c897470de7e5 register server push request:ClientDetectionRequest handler%!(EXTRA *rpc.ClientDetectionRequestHandler=&{})
2022-06-13T18:52:53.089+0800	INFO	rpc/rpc_client.go:214	[RpcClient.Start] 535450d8-0bdf-4722-b4bf-c897470de7e5 try to connect to server on start up, server: {serverIp:mse-7b574dc2-nacos-ans.mse.aliyuncs.com serverPort:8848}
2022-06-13T18:52:53.241+0800	INFO	rpc/rpc_client.go:224	535450d8-0bdf-4722-b4bf-c897470de7e5 success to connect to server {serverIp:mse-7b574dc2-nacos-ans.mse.aliyuncs.com serverPort:8848} on start up, connectionId=1655117573155_100.123.127.175_27390
2022-06-13T18:52:53.241+0800	INFO	rpc/rpc_client.go:276	535450d8-0bdf-4722-b4bf-c897470de7e5 register server push request:NotifySubscriberRequest handler%!(EXTRA *rpc.NamingPushRequestHandler=&{0xc0001b7560})
2022-06-13T18:52:53.241+0800	INFO	rpc/rpc_client.go:284	535450d8-0bdf-4722-b4bf-c897470de7e5 register connection listener [*naming_grpc.ConnectionEventListener] to current client
2022-06-13T18:52:53.262+0800	INFO	naming_cache/service_info_holder.go:93	service not found in cache,cachekey:DEFAULT_GROUP@@UserRpc@@orderserver
2022-06-13T18:52:53.265+0800	INFO	naming_cache/subscribe_callback.go:45	adding DEFAULT_GROUP@@UserRpc with orderserver to listener map
2022-06-13T18:52:53.270+0800	WARN	naming_cache/service_info_holder.go:85	out of date data received, old-t: 1655117573289, new-t: 1655117573289
2022-06-13T18:52:53.783+0800	INFO	naming_cache/service_info_holder.go:93	service not found in cache,cachekey:DEFAULT_GROUP@@UserRpc
2022-06-13T19:03:11.338+0800	INFO	naming_http/push_receiver.go:86	udp server start, port: 55029
2022-06-13T19:03:11.339+0800	INFO	rpc/rpc_client.go:276	0acdf567-6667-4431-a659-44a78790faad register server push request:ConnectResetRequest handler%!(EXTRA *rpc.ConnectResetRequestHandler=&{})
2022-06-13T19:03:11.339+0800	INFO	rpc/rpc_client.go:276	0acdf567-6667-4431-a659-44a78790faad register server push request:ClientDetectionRequest handler%!(EXTRA *rpc.ClientDetectionRequestHandler=&{})
2022-06-13T19:03:11.339+0800	INFO	rpc/rpc_client.go:214	[RpcClient.Start] 0acdf567-6667-4431-a659-44a78790faad try to connect to server on start up, server: {serverIp:mse-e75317c2-nacos-ans.mse.aliyuncs.com serverPort:8848}
2022-06-13T19:03:11.340+0800	INFO	util/common.go:96	Local IP:192.168.30.15
2022-06-13T19:03:11.509+0800	INFO	rpc/rpc_client.go:224	0acdf567-6667-4431-a659-44a78790faad success to connect to server {serverIp:mse-e75317c2-nacos-ans.mse.aliyuncs.com serverPort:8848} on start up, connectionId=1655118191420_100.123.29.190_50188
2022-06-13T19:03:11.509+0800	INFO	rpc/rpc_client.go:276	0acdf567-6667-4431-a659-44a78790faad register server push request:NotifySubscriberRequest handler%!(EXTRA *rpc.NamingPushRequestHandler=&{0xc00059c120})
2022-06-13T19:03:11.510+0800	INFO	rpc/rpc_client.go:284	0acdf567-6667-4431-a659-44a78790faad register connection listener [*naming_grpc.ConnectionEventListener] to current client
2022-06-13T19:03:11.511+0800	INFO	naming_grpc/naming_grpc_proxy.go:94	instance namespaceId:<public>,serviceName:<UserRpc> with instance:<{"instanceId":"","ip":"127.0.0.1","port":18090,"weight":0,"healthy":true,"enabled":true,"ephemeral":true,"clusterName":"orderserver","serviceName":"","metadata":{"network":"tcp"},"instanceHeartBeatInterval":0,"ipDeleteTimeout":0,"instanceHeartBeatTimeOut":0}>
2022-06-13T19:03:31.054+0800	INFO	naming_http/push_receiver.go:86	udp server start, port: 55095
2022-06-13T19:03:31.054+0800	INFO	rpc/rpc_client.go:276	59df4e26-1af4-4bbd-961c-49e66ed62738 register server push request:ConnectResetRequest handler%!(EXTRA *rpc.ConnectResetRequestHandler=&{})
2022-06-13T19:03:31.054+0800	INFO	rpc/rpc_client.go:276	59df4e26-1af4-4bbd-961c-49e66ed62738 register server push request:ClientDetectionRequest handler%!(EXTRA *rpc.ClientDetectionRequestHandler=&{})
2022-06-13T19:03:31.054+0800	INFO	rpc/rpc_client.go:214	[RpcClient.Start] 59df4e26-1af4-4bbd-961c-49e66ed62738 try to connect to server on start up, server: {serverIp:mse-e75317c2-nacos-ans.mse.aliyuncs.com serverPort:8848}
2022-06-13T19:03:31.055+0800	INFO	util/common.go:96	Local IP:192.168.30.15
2022-06-13T19:03:31.207+0800	INFO	rpc/rpc_client.go:224	59df4e26-1af4-4bbd-961c-49e66ed62738 success to connect to server {serverIp:mse-e75317c2-nacos-ans.mse.aliyuncs.com serverPort:8848} on start up, connectionId=1655118211119_100.123.28.220_49374
2022-06-13T19:03:31.207+0800	INFO	rpc/rpc_client.go:276	59df4e26-1af4-4bbd-961c-49e66ed62738 register server push request:NotifySubscriberRequest handler%!(EXTRA *rpc.NamingPushRequestHandler=&{0xc0005600c0})
2022-06-13T19:03:31.207+0800	INFO	rpc/rpc_client.go:284	59df4e26-1af4-4bbd-961c-49e66ed62738 register connection listener [*naming_grpc.ConnectionEventListener] to current client
2022-06-13T19:03:31.208+0800	INFO	naming_grpc/naming_grpc_proxy.go:94	instance namespaceId:<public>,serviceName:<UserRpc> with instance:<{"instanceId":"","ip":"127.0.0.1","port":18090,"weight":0,"healthy":true,"enabled":true,"ephemeral":true,"clusterName":"orderserver","serviceName":"","metadata":{"network":"tcp"},"instanceHeartBeatInterval":0,"ipDeleteTimeout":0,"instanceHeartBeatTimeOut":0}>
2022-06-13T19:03:53.878+0800	INFO	naming_http/push_receiver.go:86	udp server start, port: 55277
2022-06-13T19:03:53.878+0800	INFO	rpc/rpc_client.go:276	28a9195d-e1e1-4372-981d-c1dcab0f2fae register server push request:ConnectResetRequest handler%!(EXTRA *rpc.ConnectResetRequestHandler=&{})
2022-06-13T19:03:53.878+0800	INFO	rpc/rpc_client.go:276	28a9195d-e1e1-4372-981d-c1dcab0f2fae register server push request:ClientDetectionRequest handler%!(EXTRA *rpc.ClientDetectionRequestHandler=&{})
2022-06-13T19:03:53.878+0800	INFO	rpc/rpc_client.go:214	[RpcClient.Start] 28a9195d-e1e1-4372-981d-c1dcab0f2fae try to connect to server on start up, server: {serverIp:mse-e75317c2-nacos-ans.mse.aliyuncs.com serverPort:8848}
2022-06-13T19:03:53.881+0800	INFO	util/common.go:96	Local IP:192.168.30.15
2022-06-13T19:03:54.036+0800	INFO	rpc/rpc_client.go:224	28a9195d-e1e1-4372-981d-c1dcab0f2fae success to connect to server {serverIp:mse-e75317c2-nacos-ans.mse.aliyuncs.com serverPort:8848} on start up, connectionId=1655118233946_100.123.28.220_52501
2022-06-13T19:03:54.036+0800	INFO	rpc/rpc_client.go:276	28a9195d-e1e1-4372-981d-c1dcab0f2fae register server push request:NotifySubscriberRequest handler%!(EXTRA *rpc.NamingPushRequestHandler=&{0xc000424060})
2022-06-13T19:03:54.037+0800	INFO	rpc/rpc_client.go:284	28a9195d-e1e1-4372-981d-c1dcab0f2fae register connection listener [*naming_grpc.ConnectionEventListener] to current client
2022-06-13T19:03:54.038+0800	INFO	naming_grpc/naming_grpc_proxy.go:94	instance namespaceId:<public>,serviceName:<UserRpc> with instance:<{"instanceId":"","ip":"127.0.0.1","port":18090,"weight":0,"healthy":true,"enabled":true,"ephemeral":true,"clusterName":"orderserver","serviceName":"","metadata":{"network":"tcp"},"instanceHeartBeatInterval":0,"ipDeleteTimeout":0,"instanceHeartBeatTimeOut":0}>
2022-06-13T19:04:38.030+0800	INFO	naming_http/push_receiver.go:86	udp server start, port: 55419
2022-06-13T19:04:38.030+0800	INFO	rpc/rpc_client.go:276	8d8ea1c8-68b7-443c-8e6e-523c6c8f711b register server push request:ConnectResetRequest handler%!(EXTRA *rpc.ConnectResetRequestHandler=&{})
2022-06-13T19:04:38.030+0800	INFO	rpc/rpc_client.go:276	8d8ea1c8-68b7-443c-8e6e-523c6c8f711b register server push request:ClientDetectionRequest handler%!(EXTRA *rpc.ClientDetectionRequestHandler=&{})
2022-06-13T19:04:38.030+0800	INFO	rpc/rpc_client.go:214	[RpcClient.Start] 8d8ea1c8-68b7-443c-8e6e-523c6c8f711b try to connect to server on start up, server: {serverIp:mse-e75317c2-nacos-ans.mse.aliyuncs.com serverPort:8848}
2022-06-13T19:04:38.031+0800	INFO	util/common.go:96	Local IP:192.168.30.15
2022-06-13T19:04:38.199+0800	INFO	rpc/rpc_client.go:224	8d8ea1c8-68b7-443c-8e6e-523c6c8f711b success to connect to server {serverIp:mse-e75317c2-nacos-ans.mse.aliyuncs.com serverPort:8848} on start up, connectionId=1655118278109_100.123.29.190_62094
2022-06-13T19:04:38.199+0800	INFO	rpc/rpc_client.go:276	8d8ea1c8-68b7-443c-8e6e-523c6c8f711b register server push request:NotifySubscriberRequest handler%!(EXTRA *rpc.NamingPushRequestHandler=&{0xc00003d740})
2022-06-13T19:04:38.200+0800	INFO	rpc/rpc_client.go:284	8d8ea1c8-68b7-443c-8e6e-523c6c8f711b register connection listener [*naming_grpc.ConnectionEventListener] to current client
2022-06-13T19:04:38.201+0800	INFO	naming_grpc/naming_grpc_proxy.go:94	instance namespaceId:<public>,serviceName:<UserRpc> with instance:<{"instanceId":"","ip":"127.0.0.1","port":18090,"weight":0,"healthy":true,"enabled":true,"ephemeral":true,"clusterName":"orderserver","serviceName":"","metadata":{"network":"tcp"},"instanceHeartBeatInterval":0,"ipDeleteTimeout":0,"instanceHeartBeatTimeOut":0}>
2022-06-13T19:04:58.639+0800	INFO	naming_http/push_receiver.go:86	udp server start, port: 55565
2022-06-13T19:04:58.639+0800	INFO	rpc/rpc_client.go:276	6efe40e8-50ed-4363-9f12-2ec6ac820eff register server push request:ConnectResetRequest handler%!(EXTRA *rpc.ConnectResetRequestHandler=&{})
2022-06-13T19:04:58.639+0800	INFO	rpc/rpc_client.go:276	6efe40e8-50ed-4363-9f12-2ec6ac820eff register server push request:ClientDetectionRequest handler%!(EXTRA *rpc.ClientDetectionRequestHandler=&{})
2022-06-13T19:04:58.640+0800	INFO	rpc/rpc_client.go:214	[RpcClient.Start] 6efe40e8-50ed-4363-9f12-2ec6ac820eff try to connect to server on start up, server: {serverIp:mse-e75317c2-nacos-ans.mse.aliyuncs.com serverPort:8848}
2022-06-13T19:04:58.791+0800	INFO	rpc/rpc_client.go:224	6efe40e8-50ed-4363-9f12-2ec6ac820eff success to connect to server {serverIp:mse-e75317c2-nacos-ans.mse.aliyuncs.com serverPort:8848} on start up, connectionId=1655118298703_100.123.28.220_61305
2022-06-13T19:04:58.791+0800	INFO	rpc/rpc_client.go:276	6efe40e8-50ed-4363-9f12-2ec6ac820eff register server push request:NotifySubscriberRequest handler%!(EXTRA *rpc.NamingPushRequestHandler=&{0xc00056ab40})
2022-06-13T19:04:58.791+0800	INFO	rpc/rpc_client.go:284	6efe40e8-50ed-4363-9f12-2ec6ac820eff register connection listener [*naming_grpc.ConnectionEventListener] to current client
2022-06-13T19:04:58.808+0800	INFO	naming_cache/service_info_holder.go:93	service not found in cache,cachekey:DEFAULT_GROUP@@UserRpc@@orderserver
2022-06-13T19:04:58.810+0800	INFO	naming_cache/subscribe_callback.go:45	adding DEFAULT_GROUP@@UserRpc with orderserver to listener map
2022-06-13T19:04:58.811+0800	WARN	naming_cache/service_info_holder.go:85	out of date data received, old-t: 1655118298838, new-t: 1655118298838
2022-06-13T19:04:59.342+0800	INFO	naming_cache/service_info_holder.go:93	service not found in cache,cachekey:DEFAULT_GROUP@@UserRpc
2022-06-13T19:04:59.569+0800	INFO	naming_http/push_receiver.go:86	udp server start, port: 55297
2022-06-13T19:04:59.569+0800	INFO	rpc/rpc_client.go:276	e85d01d3-5720-48e6-bcd8-5f188e29be21 register server push request:ConnectResetRequest handler%!(EXTRA *rpc.ConnectResetRequestHandler=&{})
2022-06-13T19:04:59.569+0800	INFO	rpc/rpc_client.go:276	e85d01d3-5720-48e6-bcd8-5f188e29be21 register server push request:ClientDetectionRequest handler%!(EXTRA *rpc.ClientDetectionRequestHandler=&{})
2022-06-13T19:04:59.569+0800	INFO	rpc/rpc_client.go:214	[RpcClient.Start] e85d01d3-5720-48e6-bcd8-5f188e29be21 try to connect to server on start up, server: {serverIp:mse-e75317c2-nacos-ans.mse.aliyuncs.com serverPort:8848}
2022-06-13T19:04:59.728+0800	INFO	rpc/rpc_client.go:224	e85d01d3-5720-48e6-bcd8-5f188e29be21 success to connect to server {serverIp:mse-e75317c2-nacos-ans.mse.aliyuncs.com serverPort:8848} on start up, connectionId=1655118299632_100.123.28.220_61450
2022-06-13T19:04:59.729+0800	INFO	rpc/rpc_client.go:276	e85d01d3-5720-48e6-bcd8-5f188e29be21 register server push request:NotifySubscriberRequest handler%!(EXTRA *rpc.NamingPushRequestHandler=&{0xc00033a720})
2022-06-13T19:04:59.729+0800	INFO	rpc/rpc_client.go:284	e85d01d3-5720-48e6-bcd8-5f188e29be21 register connection listener [*naming_grpc.ConnectionEventListener] to current client
2022-06-13T19:04:59.746+0800	INFO	naming_cache/service_info_holder.go:93	service not found in cache,cachekey:DEFAULT_GROUP@@UserRpc@@orderserver
2022-06-13T19:04:59.748+0800	INFO	naming_cache/subscribe_callback.go:45	adding DEFAULT_GROUP@@UserRpc with orderserver to listener map
2022-06-13T19:04:59.755+0800	WARN	naming_cache/service_info_holder.go:85	out of date data received, old-t: 1655118299776, new-t: 1655118299776
2022-06-13T19:05:00.188+0800	INFO	naming_http/push_receiver.go:86	udp server start, port: 55948
2022-06-13T19:05:00.188+0800	INFO	rpc/rpc_client.go:276	66d5492d-dd69-4f24-a01d-3595776af0ef register server push request:ConnectResetRequest handler%!(EXTRA *rpc.ConnectResetRequestHandler=&{})
2022-06-13T19:05:00.188+0800	INFO	rpc/rpc_client.go:276	66d5492d-dd69-4f24-a01d-3595776af0ef register server push request:ClientDetectionRequest handler%!(EXTRA *rpc.ClientDetectionRequestHandler=&{})
2022-06-13T19:05:00.188+0800	INFO	rpc/rpc_client.go:214	[RpcClient.Start] 66d5492d-dd69-4f24-a01d-3595776af0ef try to connect to server on start up, server: {serverIp:mse-e75317c2-nacos-ans.mse.aliyuncs.com serverPort:8848}
2022-06-13T19:05:00.339+0800	INFO	naming_cache/service_info_holder.go:93	service not found in cache,cachekey:DEFAULT_GROUP@@UserRpc
2022-06-13T19:05:00.352+0800	INFO	rpc/rpc_client.go:224	66d5492d-dd69-4f24-a01d-3595776af0ef success to connect to server {serverIp:mse-e75317c2-nacos-ans.mse.aliyuncs.com serverPort:8848} on start up, connectionId=1655118300263_100.123.28.220_61552
2022-06-13T19:05:00.353+0800	INFO	rpc/rpc_client.go:276	66d5492d-dd69-4f24-a01d-3595776af0ef register server push request:NotifySubscriberRequest handler%!(EXTRA *rpc.NamingPushRequestHandler=&{0xc00015ef00})
2022-06-13T19:05:00.353+0800	INFO	rpc/rpc_client.go:284	66d5492d-dd69-4f24-a01d-3595776af0ef register connection listener [*naming_grpc.ConnectionEventListener] to current client
2022-06-13T19:05:00.369+0800	INFO	naming_cache/service_info_holder.go:93	service not found in cache,cachekey:DEFAULT_GROUP@@UserRpc@@orderserver
2022-06-13T19:05:00.370+0800	INFO	naming_cache/subscribe_callback.go:45	adding DEFAULT_GROUP@@UserRpc with orderserver to listener map
2022-06-13T19:05:00.371+0800	WARN	naming_cache/service_info_holder.go:85	out of date data received, old-t: 1655118300399, new-t: 1655118300399
2022-06-13T19:05:00.815+0800	INFO	naming_http/push_receiver.go:86	udp server start, port: 55066
2022-06-13T19:05:00.816+0800	INFO	rpc/rpc_client.go:276	873b5dd8-9a0e-4d46-afd2-9bfa7e9ead16 register server push request:ConnectResetRequest handler%!(EXTRA *rpc.ConnectResetRequestHandler=&{})
2022-06-13T19:05:00.816+0800	INFO	rpc/rpc_client.go:276	873b5dd8-9a0e-4d46-afd2-9bfa7e9ead16 register server push request:ClientDetectionRequest handler%!(EXTRA *rpc.ClientDetectionRequestHandler=&{})
2022-06-13T19:05:00.816+0800	INFO	rpc/rpc_client.go:214	[RpcClient.Start] 873b5dd8-9a0e-4d46-afd2-9bfa7e9ead16 try to connect to server on start up, server: {serverIp:mse-e75317c2-nacos-ans.mse.aliyuncs.com serverPort:8848}
2022-06-13T19:05:00.939+0800	INFO	naming_cache/service_info_holder.go:93	service not found in cache,cachekey:DEFAULT_GROUP@@UserRpc
2022-06-13T19:05:00.967+0800	INFO	rpc/rpc_client.go:224	873b5dd8-9a0e-4d46-afd2-9bfa7e9ead16 success to connect to server {serverIp:mse-e75317c2-nacos-ans.mse.aliyuncs.com serverPort:8848} on start up, connectionId=1655118300880_100.123.28.220_61638
2022-06-13T19:05:00.967+0800	INFO	rpc/rpc_client.go:276	873b5dd8-9a0e-4d46-afd2-9bfa7e9ead16 register server push request:NotifySubscriberRequest handler%!(EXTRA *rpc.NamingPushRequestHandler=&{0xc00033a900})
2022-06-13T19:05:00.968+0800	INFO	rpc/rpc_client.go:284	873b5dd8-9a0e-4d46-afd2-9bfa7e9ead16 register connection listener [*naming_grpc.ConnectionEventListener] to current client
2022-06-13T19:05:00.985+0800	INFO	naming_cache/service_info_holder.go:93	service not found in cache,cachekey:DEFAULT_GROUP@@UserRpc@@orderserver
2022-06-13T19:05:00.985+0800	INFO	naming_cache/subscribe_callback.go:45	adding DEFAULT_GROUP@@UserRpc with orderserver to listener map
2022-06-13T19:05:00.985+0800	WARN	naming_cache/service_info_holder.go:85	out of date data received, old-t: 1655118301014, new-t: 1655118301014
2022-06-13T19:05:01.098+0800	INFO	naming_http/push_receiver.go:86	udp server start, port: 55062
2022-06-13T19:05:01.098+0800	INFO	rpc/rpc_client.go:276	eb40644c-c2e6-4547-a24f-4ea187e88293 register server push request:ConnectResetRequest handler%!(EXTRA *rpc.ConnectResetRequestHandler=&{})
2022-06-13T19:05:01.098+0800	INFO	rpc/rpc_client.go:276	eb40644c-c2e6-4547-a24f-4ea187e88293 register server push request:ClientDetectionRequest handler%!(EXTRA *rpc.ClientDetectionRequestHandler=&{})
2022-06-13T19:05:01.098+0800	INFO	rpc/rpc_client.go:214	[RpcClient.Start] eb40644c-c2e6-4547-a24f-4ea187e88293 try to connect to server on start up, server: {serverIp:mse-e75317c2-nacos-ans.mse.aliyuncs.com serverPort:8848}
2022-06-13T19:05:01.249+0800	INFO	rpc/rpc_client.go:224	eb40644c-c2e6-4547-a24f-4ea187e88293 success to connect to server {serverIp:mse-e75317c2-nacos-ans.mse.aliyuncs.com serverPort:8848} on start up, connectionId=1655118301160_100.123.29.160_53919
2022-06-13T19:05:01.251+0800	INFO	rpc/rpc_client.go:276	eb40644c-c2e6-4547-a24f-4ea187e88293 register server push request:NotifySubscriberRequest handler%!(EXTRA *rpc.NamingPushRequestHandler=&{0xc00033b440})
2022-06-13T19:05:01.251+0800	INFO	rpc/rpc_client.go:284	eb40644c-c2e6-4547-a24f-4ea187e88293 register connection listener [*naming_grpc.ConnectionEventListener] to current client
2022-06-13T19:05:01.266+0800	INFO	naming_cache/service_info_holder.go:93	service not found in cache,cachekey:DEFAULT_GROUP@@UserRpc@@orderserver
2022-06-13T19:05:01.267+0800	INFO	naming_cache/subscribe_callback.go:45	adding DEFAULT_GROUP@@UserRpc with orderserver to listener map
2022-06-13T19:05:01.268+0800	WARN	naming_cache/service_info_holder.go:85	out of date data received, old-t: 1655118301297, new-t: 1655118301297
2022-06-13T19:05:01.539+0800	INFO	naming_cache/service_info_holder.go:93	service not found in cache,cachekey:DEFAULT_GROUP@@UserRpc
2022-06-13T19:05:01.539+0800	INFO	naming_cache/service_info_holder.go:93	service not found in cache,cachekey:DEFAULT_GROUP@@UserRpc
